La extensión «Dia Input» no se ha cargado porque no se cumplió una dependencia.
Dependencia:
  tipo: executable
  localización: trayecto
  cadena: dia
  descripción: Para poder importar archivos Dia, éste debe estar instalado. Puede obtener Dia en http://live.gnome.org/Dia

La extensión «DXF Output» no se ha cargado porque no se cumplió una dependencia.
Dependencia:
  tipo: executable
  localización: trayecto
  cadena: pstoedit
  descripción: pstoedit debe estar instalado, infórmese en: http://www.pstoedit.net/pstoedit

La extensión «LaTeX formula» no se ha cargado porque no se cumplió una dependencia.
Dependencia:
  tipo: executable
  localización: trayecto
  cadena: latex

La extensión «LaTeX formula» no se ha cargado porque no se cumplió una dependencia.
Dependencia:
  tipo: executable
  localización: trayecto
  cadena: dvips

La extensión «LaTeX formula» no se ha cargado porque no se cumplió una dependencia.
Dependencia:
  tipo: executable
  localización: trayecto
  cadena: pstoedit

La extensión «XFIG Input» no se ha cargado porque no se cumplió una dependencia.
Dependencia:
  tipo: executable
  localización: trayecto
  cadena: fig2dev

La extensión «GIMP XCF» no se ha cargado porque no se cumplió una dependencia.
Dependencia:
  tipo: executable
  localización: trayecto
  cadena: gimp

La extensión «Sketch Input» no se ha cargado porque no se cumplió una dependencia.
Dependencia:
  tipo: executable
  localización: trayecto
  cadena: skconvert

